/*C2*/SET SCHEMA PUBLIC
CREATE TABLE IF NOT EXISTS AL_CONFIGURATION ( PROPERTY_NAME VARCHAR(255) NOT NULL UNIQUE , PROPERTY_VALUE LONGVARCHAR ) 
CREATE TABLE IF NOT EXISTS AL_GROUPS ( GROUP_NAME VARCHAR(255) NOT NULL PRIMARY KEY , DESCRIPTION LONGVARCHAR ) 
CREATE TABLE IF NOT EXISTS AL_TABLES ( TABLE_NAME VARCHAR(255) NOT NULL PRIMARY KEY , GROUP_NAME VARCHAR(255) , DESCRIPTION LONGVARCHAR ) 
CREATE TABLE IF NOT EXISTS AL_CUSTOM_TYPE ( TABLE_NAME VARCHAR(255) , COLUMN_NAME VARCHAR(255) , TYPE VARCHAR(255) , NAME VARCHAR(255) ) 
CREATE TABLE IF NOT EXISTS AL_VIEWS ( VIEW_NAME VARCHAR(255) NOT NULL UNIQUE , VIEW_DEFINITION LONGVARCHAR , IS_VALID BOOLEAN ) 
CREATE TABLE IF NOT EXISTS AL_SELECTED_LOG_OBJECTS ( NAME VARCHAR(255) NOT NULL UNIQUE , TYPE VARCHAR(255) ) 
CREATE TABLE IF NOT EXISTS AL_DB_OBJECTS ( NAME VARCHAR(255) NOT NULL UNIQUE , TYPE VARCHAR(255) , USAGE VARCHAR(255) ) 
DISCONNECT
/*C3*/SET SCHEMA PUBLIC
DROP TABLE res_gebieden_brabant CASCADE 
DELETE FROM AL_TABLES WHERE TABLE_NAME='res_gebieden_brabant'
COMMIT
CREATE TABLE res_gebieden_brabant ( al_id INT IDENTITY , statcode LONGVARCHAR NULL , jrstatcode LONGVARCHAR NULL , statnaam LONGVARCHAR NULL , rubriek LONGVARCHAR NULL , jaar INTEGER NULL , datum TIMESTAMP NULL ) 
INSERT INTO AL_TABLES VALUES('res_gebieden_brabant',NULL,'')
COMMIT
/*C4*/SET SCHEMA PUBLIC
INSERT INTO RES_GEBIEDEN_BRABANT VALUES(0,'ES25','2021ES25','Hart van Brabant','regionale_energiestrategie',2021,'2021-01-01 00:00:00.000000')
INSERT INTO RES_GEBIEDEN_BRABANT VALUES(1,'ES26','2021ES26','Metropoolregio Eindhoven','regionale_energiestrategie',2021,'2021-01-01 00:00:00.000000')
INSERT INTO RES_GEBIEDEN_BRABANT VALUES(2,'ES27','2021ES27','Noordoost-Brabant','regionale_energiestrategie',2021,'2021-01-01 00:00:00.000000')
INSERT INTO RES_GEBIEDEN_BRABANT VALUES(3,'ES28','2021ES28','West-Brabant','regionale_energiestrategie',2021,'2021-01-01 00:00:00.000000')
COMMIT
DISCONNECT
/*C5*/SET SCHEMA PUBLIC
DISCONNECT
/*C6*/SET SCHEMA PUBLIC
DISCONNECT
/*C7*/SET SCHEMA PUBLIC
DISCONNECT
